2017-12-02 19:02:09.860  INFO 10205 --- [restartedMain] com.sjsu.edu.Application                 : Starting Application on Omkars-MacBook-Pro.local with PID 10205 (/Users/orege/Documents/final_project/UI/CMPE295-New-Collar-Jobs/server/target/classes started by orege in /Users/orege/Documents/final_project/UI/CMPE295-New-Collar-Jobs/server)
2017-12-02 19:02:09.860 DEBUG 10205 --- [restartedMain] com.sjsu.edu.Application                 : Running with Spring Boot v1.5.4.RELEASE, Spring v4.3.9.RELEASE
2017-12-02 19:02:09.860  INFO 10205 --- [restartedMain] com.sjsu.edu.Application                 : No active profile set, falling back to default profiles: default
2017-12-02 19:02:09.873  INFO 10205 --- [restartedMain] ationConfigEmbeddedWebApplicationContext : Refreshing org.springframework.boot.context.embedded.AnnotationConfigEmbeddedWebApplicationContext@3a5669c8: startup date [Sat Dec 02 19:02:09 PST 2017]; root of context hierarchy
2017-12-02 19:02:10.478  INFO 10205 --- [restartedMain] .s.d.r.c.RepositoryConfigurationDelegate : Multiple Spring Data modules found, entering strict repository configuration mode!
2017-12-02 19:02:10.508  INFO 10205 --- [restartedMain] .RepositoryConfigurationExtensionSupport : Spring Data JPA - Could not safely identify store assignment for repository candidate interface com.sjsu.edu.repository.UserProfileRepository.
2017-12-02 19:02:10.542  INFO 10205 --- [restartedMain] .s.d.r.c.RepositoryConfigurationDelegate : Multiple Spring Data modules found, entering strict repository configuration mode!
2017-12-02 19:02:10.556  INFO 10205 --- [restartedMain] .RepositoryConfigurationExtensionSupport : Spring Data MongoDB - Could not safely identify store assignment for repository candidate interface com.sjsu.edu.repository.JobRepository.
2017-12-02 19:02:10.556  INFO 10205 --- [restartedMain] .RepositoryConfigurationExtensionSupport : Spring Data MongoDB - Could not safely identify store assignment for repository candidate interface com.sjsu.edu.repository.UserRepository.
2017-12-02 19:02:10.556  INFO 10205 --- [restartedMain] .RepositoryConfigurationExtensionSupport : Spring Data MongoDB - Could not safely identify store assignment for repository candidate interface com.sjsu.edu.repository.CompanyRepository.
2017-12-02 19:02:10.663  INFO 10205 --- [restartedMain] trationDelegate$BeanPostProcessorChecker : Bean 'org.springframework.transaction.annotation.ProxyTransactionManagementConfiguration' of type [org.springframework.transaction.annotation.ProxyTransactionManagementConfiguration$$EnhancerBySpringCGLIB$$b15cf7c4] is not eligible for getting processed by all BeanPostProcessors (for example: not eligible for auto-proxying)
2017-12-02 19:02:10.671  INFO 10205 --- [restartedMain] trationDelegate$BeanPostProcessorChecker : Bean 'org.springframework.security.config.annotation.configuration.ObjectPostProcessorConfiguration' of type [org.springframework.security.config.annotation.configuration.ObjectPostProcessorConfiguration$$EnhancerBySpringCGLIB$$4a0abffe] is not eligible for getting processed by all BeanPostProcessors (for example: not eligible for auto-proxying)
2017-12-02 19:02:10.676  INFO 10205 --- [restartedMain] trationDelegate$BeanPostProcessorChecker : Bean 'objectPostProcessor' of type [org.springframework.security.config.annotation.configuration.AutowireBeanFactoryObjectPostProcessor] is not eligible for getting processed by all BeanPostProcessors (for example: not eligible for auto-proxying)
2017-12-02 19:02:10.677  INFO 10205 --- [restartedMain] trationDelegate$BeanPostProcessorChecker : Bean 'org.springframework.security.access.expression.method.DefaultMethodSecurityExpressionHandler@2fc6d992' of type [org.springframework.security.access.expression.method.DefaultMethodSecurityExpressionHandler] is not eligible for getting processed by all BeanPostProcessors (for example: not eligible for auto-proxying)
2017-12-02 19:02:10.681  INFO 10205 --- [restartedMain] trationDelegate$BeanPostProcessorChecker : Bean 'org.springframework.security.config.annotation.method.configuration.GlobalMethodSecurityConfiguration' of type [org.springframework.security.config.annotation.method.configuration.GlobalMethodSecurityConfiguration$$EnhancerBySpringCGLIB$$6edf62b0] is not eligible for getting processed by all BeanPostProcessors (for example: not eligible for auto-proxying)
2017-12-02 19:02:10.682  INFO 10205 --- [restartedMain] trationDelegate$BeanPostProcessorChecker : Bean 'methodSecurityMetadataSource' of type [org.springframework.security.access.method.DelegatingMethodSecurityMetadataSource] is not eligible for getting processed by all BeanPostProcessors (for example: not eligible for auto-proxying)
2017-12-02 19:02:10.845  INFO 10205 --- [restartedMain] s.b.c.e.t.TomcatEmbeddedServletContainer : Tomcat initialized with port(s): 8080 (http)
2017-12-02 19:02:10.849  INFO 10205 --- [restartedMain] o.apache.catalina.core.StandardService   : Starting service [Tomcat]
2017-12-02 19:02:10.849  INFO 10205 --- [restartedMain] org.apache.catalina.core.StandardEngine  : Starting Servlet Engine: Apache Tomcat/8.5.15
2017-12-02 19:02:10.862  INFO 10205 --- [localhost-startStop-1] o.a.c.c.C.[Tomcat-18].[localhost].[/]    : Initializing Spring embedded WebApplicationContext
2017-12-02 19:02:19.652  INFO 10205 --- [localhost-startStop-1] j.LocalContainerEntityManagerFactoryBean : Building JPA container EntityManagerFactory for persistence unit 'default'
2017-12-02 19:02:19.653  INFO 10205 --- [localhost-startStop-1] o.hibernate.jpa.internal.util.LogHelper  : HHH000204: Processing PersistenceUnitInfo [
	name: default
	...]
2017-12-02 19:02:19.668  INFO 10205 --- [localhost-startStop-1] org.hibernate.dialect.Dialect            : HHH000400: Using dialect: org.hibernate.dialect.MySQL5Dialect
2017-12-02 19:02:19.748  INFO 10205 --- [localhost-startStop-1] org.hibernate.tuple.PojoInstantiator     : HHH000182: No default (no-argument) constructor for class: com.sjsu.edu.model.Job (class must be instantiated by Interceptor)
2017-12-02 19:02:19.775  INFO 10205 --- [localhost-startStop-1] org.hibernate.tool.hbm2ddl.SchemaUpdate  : HHH000228: Running hbm2ddl schema update
2017-12-02 19:02:24.681  INFO 10205 --- [localhost-startStop-1] j.LocalContainerEntityManagerFactoryBean : Initialized JPA EntityManagerFactory for persistence unit 'default'
2017-12-02 19:02:24.968  INFO 10205 --- [localhost-startStop-1] o.s.b.w.servlet.FilterRegistrationBean   : Mapping filter: 'characterEncodingFilter' to: [/*]
2017-12-02 19:02:24.968  INFO 10205 --- [localhost-startStop-1] o.s.b.w.servlet.FilterRegistrationBean   : Mapping filter: 'hiddenHttpMethodFilter' to: [/*]
2017-12-02 19:02:24.968  INFO 10205 --- [localhost-startStop-1] o.s.b.w.servlet.FilterRegistrationBean   : Mapping filter: 'httpPutFormContentFilter' to: [/*]
2017-12-02 19:02:24.968  INFO 10205 --- [localhost-startStop-1] o.s.b.w.servlet.FilterRegistrationBean   : Mapping filter: 'requestContextFilter' to: [/*]
2017-12-02 19:02:24.968  INFO 10205 --- [localhost-startStop-1] .s.DelegatingFilterProxyRegistrationBean : Mapping filter: 'springSecurityFilterChain' to: [/*]
2017-12-02 19:02:24.968  INFO 10205 --- [localhost-startStop-1] o.s.b.w.servlet.FilterRegistrationBean   : Mapping filter: 'jwtAuthenticationTokenFilter' to: [/*]
2017-12-02 19:02:24.968  INFO 10205 --- [localhost-startStop-1] o.s.b.w.servlet.ServletRegistrationBean  : Mapping servlet: 'dispatcherServlet' to [/]
2017-12-02 19:02:24.972 DEBUG 10205 --- [localhost-startStop-1] c.s.e.s.auth.TokenAuthenticationFilter   : Initializing filter 'jwtAuthenticationTokenFilter'
2017-12-02 19:02:24.972 DEBUG 10205 --- [localhost-startStop-1] c.s.e.s.auth.TokenAuthenticationFilter   : Filter 'jwtAuthenticationTokenFilter' configured successfully
2017-12-02 19:02:25.027  INFO 10205 --- [restartedMain] org.mongodb.driver.cluster               : Cluster created with settings {hosts=[ec2-52-35-80-66.us-west-2.compute.amazonaws.com:27017], mode=SINGLE, requiredClusterType=UNKNOWN, serverSelectionTimeout='30000 ms', maxWaitQueueSize=500}
2017-12-02 19:02:25.085  INFO 10205 --- [restartedMain] o.h.h.i.QueryTranslatorFactoryInitiator  : HHH000397: Using ASTQueryTranslatorFactory
2017-12-02 19:02:25.158  WARN 10205 --- [restartedMain] ationConfigEmbeddedWebApplicationContext : Exception encountered during context initialization - cancelling refresh attempt: org.springframework.beans.factory.BeanCreationException: Error creating bean with name 'userController': Failed to introspect bean class [com.sjsu.edu.rest.UserController] for lookup method metadata: could not find class that it depends on; nested exception is java.lang.NoClassDefFoundError: Applications
2017-12-02 19:02:25.159  INFO 10205 --- [restartedMain] j.LocalContainerEntityManagerFactoryBean : Closing JPA EntityManagerFactory for persistence unit 'default'
2017-12-02 19:02:25.162  INFO 10205 --- [restartedMain] o.apache.catalina.core.StandardService   : Stopping service [Tomcat]
2017-12-02 19:02:25.167  INFO 10205 --- [restartedMain] utoConfigurationReportLoggingInitializer : 

Error starting ApplicationContext. To display the auto-configuration report re-run your application with 'debug' enabled.
2017-12-02 19:02:25.168 ERROR 10205 --- [restartedMain] o.s.boot.SpringApplication               : Application startup failed

org.springframework.beans.factory.BeanCreationException: Error creating bean with name 'userController': Failed to introspect bean class [com.sjsu.edu.rest.UserController] for lookup method metadata: could not find class that it depends on; nested exception is java.lang.NoClassDefFoundError: Applications
	at org.springframework.beans.factory.annotation.AutowiredAnnotationBeanPostProcessor.determineCandidateConstructors(AutowiredAnnotationBeanPostProcessor.java:269) ~[spring-beans-4.3.9.RELEASE.jar:4.3.9.RELEASE]
	at org.springframework.beans.factory.support.AbstractAutowireCapableBeanFactory.determineConstructorsFromBeanPostProcessors(AbstractAutowireCapableBeanFactory.java:1118) ~[spring-beans-4.3.9.RELEASE.jar:4.3.9.RELEASE]
	at org.springframework.beans.factory.support.AbstractAutowireCapableBeanFactory.createBeanInstance(AbstractAutowireCapableBeanFactory.java:1091) ~[spring-beans-4.3.9.RELEASE.jar:4.3.9.RELEASE]
	at org.springframework.beans.factory.support.AbstractAutowireCapableBeanFactory.doCreateBean(AbstractAutowireCapableBeanFactory.java:513) ~[spring-beans-4.3.9.RELEASE.jar:4.3.9.RELEASE]
	at org.springframework.beans.factory.support.AbstractAutowireCapableBeanFactory.createBean(AbstractAutowireCapableBeanFactory.java:483) ~[spring-beans-4.3.9.RELEASE.jar:4.3.9.RELEASE]
	at org.springframework.beans.factory.support.AbstractBeanFactory$1.getObject(AbstractBeanFactory.java:306) ~[spring-beans-4.3.9.RELEASE.jar:4.3.9.RELEASE]
	at org.springframework.beans.factory.support.DefaultSingletonBeanRegistry.getSingleton(DefaultSingletonBeanRegistry.java:230) ~[spring-beans-4.3.9.RELEASE.jar:4.3.9.RELEASE]
	at org.springframework.beans.factory.support.AbstractBeanFactory.doGetBean(AbstractBeanFactory.java:302) ~[spring-beans-4.3.9.RELEASE.jar:4.3.9.RELEASE]
	at org.springframework.beans.factory.support.AbstractBeanFactory.getBean(AbstractBeanFactory.java:197) ~[spring-beans-4.3.9.RELEASE.jar:4.3.9.RELEASE]
	at org.springframework.beans.factory.support.DefaultListableBeanFactory.preInstantiateSingletons(DefaultListableBeanFactory.java:761) ~[spring-beans-4.3.9.RELEASE.jar:4.3.9.RELEASE]
	at org.springframework.context.support.AbstractApplicationContext.finishBeanFactoryInitialization(AbstractApplicationContext.java:867) ~[spring-context-4.3.9.RELEASE.jar:4.3.9.RELEASE]
	at org.springframework.context.support.AbstractApplicationContext.refresh(AbstractApplicationContext.java:543) ~[spring-context-4.3.9.RELEASE.jar:4.3.9.RELEASE]
	at org.springframework.boot.context.embedded.EmbeddedWebApplicationContext.refresh(EmbeddedWebApplicationContext.java:122) ~[spring-boot-1.5.4.RELEASE.jar:1.5.4.RELEASE]
	at org.springframework.boot.SpringApplication.refresh(SpringApplication.java:693) [spring-boot-1.5.4.RELEASE.jar:1.5.4.RELEASE]
	at org.springframework.boot.SpringApplication.refreshContext(SpringApplication.java:360) [spring-boot-1.5.4.RELEASE.jar:1.5.4.RELEASE]
	at org.springframework.boot.SpringApplication.run(SpringApplication.java:303) [spring-boot-1.5.4.RELEASE.jar:1.5.4.RELEASE]
	at org.springframework.boot.SpringApplication.run(SpringApplication.java:1118) [spring-boot-1.5.4.RELEASE.jar:1.5.4.RELEASE]
	at org.springframework.boot.SpringApplication.run(SpringApplication.java:1107) [spring-boot-1.5.4.RELEASE.jar:1.5.4.RELEASE]
	at com.sjsu.edu.Application.main(Application.java:17) [classes/:na]
	at sun.reflect.NativeMethodAccessorImpl.invoke0(Native Method) ~[na:1.8.0_144]
	at sun.reflect.NativeMethodAccessorImpl.invoke(NativeMethodAccessorImpl.java:62) ~[na:1.8.0_144]
	at sun.reflect.DelegatingMethodAccessorImpl.invoke(DelegatingMethodAccessorImpl.java:43) ~[na:1.8.0_144]
	at java.lang.reflect.Method.invoke(Method.java:498) ~[na:1.8.0_144]
	at org.springframework.boot.devtools.restart.RestartLauncher.run(RestartLauncher.java:49) [spring-boot-devtools-1.5.4.RELEASE.jar:1.5.4.RELEASE]
Caused by: java.lang.NoClassDefFoundError: Applications
	at java.lang.Class.getDeclaredMethods0(Native Method) ~[na:1.8.0_144]
	at java.lang.Class.privateGetDeclaredMethods(Class.java:2701) ~[na:1.8.0_144]
	at java.lang.Class.getDeclaredMethods(Class.java:1975) ~[na:1.8.0_144]
	at org.springframework.util.ReflectionUtils.getDeclaredMethods(ReflectionUtils.java:613) ~[spring-core-4.3.9.RELEASE.jar:4.3.9.RELEASE]
	at org.springframework.util.ReflectionUtils.doWithMethods(ReflectionUtils.java:524) ~[spring-core-4.3.9.RELEASE.jar:4.3.9.RELEASE]
	at org.springframework.util.ReflectionUtils.doWithMethods(ReflectionUtils.java:510) ~[spring-core-4.3.9.RELEASE.jar:4.3.9.RELEASE]
	at org.springframework.beans.factory.annotation.AutowiredAnnotationBeanPostProcessor.determineCandidateConstructors(AutowiredAnnotationBeanPostProcessor.java:247) ~[spring-beans-4.3.9.RELEASE.jar:4.3.9.RELEASE]
	... 23 common frames omitted
Caused by: java.lang.ClassNotFoundException: Applications
	at java.net.URLClassLoader.findClass(URLClassLoader.java:381) ~[na:1.8.0_144]
	at java.lang.ClassLoader.loadClass(ClassLoader.java:424) ~[na:1.8.0_144]
	at sun.misc.Launcher$AppClassLoader.loadClass(Launcher.java:335) ~[na:1.8.0_144]
	at java.lang.ClassLoader.loadClass(ClassLoader.java:357) ~[na:1.8.0_144]
	at org.springframework.boot.devtools.restart.classloader.RestartClassLoader.loadClass(RestartClassLoader.java:151) ~[spring-boot-devtools-1.5.4.RELEASE.jar:1.5.4.RELEASE]
	at java.lang.ClassLoader.loadClass(ClassLoader.java:357) ~[na:1.8.0_144]
	... 30 common frames omitted

